[2026-03-12] #0001  Cleaned up unused imports  // first commit
[2026-03-12] #0002  Simplified conditional branches  // versão 2.0
[2026-03-12] #0003  Centralised constants  // 2.1 com erro vamos revisar
[2026-03-12] #0004  Fixed off-by-one error  // atualização de useragent para evitar ruidos
[2026-03-12] #0005  Improved error messages  // adicionado função automatica de troca de useragent para
[2026-03-12] #0006  Refactored module structure  // atualização adicionado transferencia de zona
[2026-03-12] #0007  Optimised query performance  // versão final
[2026-03-12] #0008  Reorganised folder structure  // chore: inicializa estrutura do filehound
[2026-03-12] #0009  Fixed off-by-one error  // feat: implementa busca recursiva por extensao
[2026-03-12] #0010  Reorganised folder structure  // feat: adiciona filtro por tamanho de arquivo
[2026-03-12] #0011  Cleaned up unused imports  // feat: adiciona filtro por data de modificacao
[2026-03-12] #0012  Simplified conditional branches  // feat: implementa modo de busca por conteudo com grep
[2026-03-12] #0013  Reorganised folder structure  // fix: corrige busca em diretorios com espacos no nome
[2026-03-12] #0014  Reviewed setup instructions  // refactor: extrai logica de filtro para funcoes separada
[2026-03-12] #0015  Extracted helper function  // docs: adiciona README com exemplos de uso
[2026-03-12] #0016  Updated inline documentation  // style: padroniza saida com rich para melhor UX
[2026-03-12] #0017  Removed dead code  // test: adiciona estrutura de diretorios fake para teste
[2026-03-12] #0018  Fixed off-by-one error  // feat: adiciona exportacao de resultados em JSON
[2026-03-12] #0019  Added guard clause  // feat: adiciona suporte a user-agent rotation
[2026-03-12] #0020  Reorganised folder structure  // feat: implementa transferencia de zona DNS
[2026-03-12] #0021  Refactored module structure  // fix: corrige rotacao de user-agent em modo silencioso
[2026-03-12] #0022  Reviewed setup instructions  // refactor: extrai logica de networking para modulo net
[2026-03-12] #0023  Added early-return pattern  // docs: documenta funcao de transferencia de zona
[2026-03-12] #0024  Patched edge case in parser  // style: melhora mensagens de status durante a busca
[2026-03-12] #0025  Refactored module structure  // chore: adiciona .gitignore para Python
[2026-03-12] #0026  Cleaned up unused imports  // chore: adiciona requirements.txt atualizado
